[17:56:52] [ServerMain/INFO]: Environment: Environment[sessionHost=https://sessionserver.mojang.com, servicesHost=https://api.minecraftservices.com, name=PROD]
[17:56:57] [ServerMain/INFO]: Loaded 1290 recipes
[17:56:57] [ServerMain/ERROR]: Failed to load function trainingmode:join
java.util.concurrent.CompletionException: java.lang.IllegalArgumentException: Whilst parsing command on line 8: Unknown item component 'minecraft:consumable' at position 291: ...:false}]',<--[HERE]
	at java.base/java.util.concurrent.CompletableFuture.encodeThrowable(CompletableFuture.java:315) ~[?:?]
	at java.base/java.util.concurrent.CompletableFuture.completeThrowable(CompletableFuture.java:320) ~[?:?]
	at java.base/java.util.concurrent.CompletableFuture$AsyncSupply.run(CompletableFuture.java:1770) ~[?:?]
	at java.base/java.util.concurrent.CompletableFuture$AsyncSupply.exec(CompletableFuture.java:1760) ~[?:?]
	at java.base/java.util.concurrent.ForkJoinTask.doExec(ForkJoinTask.java:387) ~[?:?]
	at java.base/java.util.concurrent.ForkJoinPool$WorkQueue.topLevelExec(ForkJoinPool.java:1312) ~[?:?]
	at java.base/java.util.concurrent.ForkJoinPool.scan(ForkJoinPool.java:1843) ~[?:?]
	at java.base/java.util.concurrent.ForkJoinPool.runWorker(ForkJoinPool.java:1808) ~[?:?]
	at java.base/java.util.concurrent.ForkJoinWorkerThread.run(ForkJoinWorkerThread.java:188) ~[?:?]
Caused by: java.lang.IllegalArgumentException: Whilst parsing command on line 8: Unknown item component 'minecraft:consumable' at position 291: ...:false}]',<--[HERE]
	at ig.a(SourceFile:80) ~[server-1.21.jar:?]
	at alf.a(SourceFile:89) ~[server-1.21.jar:?]
	at java.base/java.util.concurrent.CompletableFuture$AsyncSupply.run(CompletableFuture.java:1768) ~[?:?]
	... 6 more
[17:56:57] [ServerMain/ERROR]: Failed to load function main:player/on_join
java.util.concurrent.CompletionException: java.lang.IllegalArgumentException: Whilst parsing command on line 1: Can't find element 'minecraft:burning_time' of type 'minecraft:attribute' at position 35: ...rning_time<--[HERE]
	at java.base/java.util.concurrent.CompletableFuture.encodeThrowable(CompletableFuture.java:315) ~[?:?]
	at java.base/java.util.concurrent.CompletableFuture.completeThrowable(CompletableFuture.java:320) ~[?:?]
	at java.base/java.util.concurrent.CompletableFuture$AsyncSupply.run(CompletableFuture.java:1770) ~[?:?]
	at java.base/java.util.concurrent.CompletableFuture$AsyncSupply.exec(CompletableFuture.java:1760) ~[?:?]
	at java.base/java.util.concurrent.ForkJoinTask.doExec(ForkJoinTask.java:387) ~[?:?]
	at java.base/java.util.concurrent.ForkJoinPool$WorkQueue.topLevelExec(ForkJoinPool.java:1312) ~[?:?]
	at java.base/java.util.concurrent.ForkJoinPool.scan(ForkJoinPool.java:1843) ~[?:?]
	at java.base/java.util.concurrent.ForkJoinPool.runWorker(ForkJoinPool.java:1808) ~[?:?]
	at java.base/java.util.concurrent.ForkJoinWorkerThread.run(ForkJoinWorkerThread.java:188) ~[?:?]
Caused by: java.lang.IllegalArgumentException: Whilst parsing command on line 1: Can't find element 'minecraft:burning_time' of type 'minecraft:attribute' at position 35: ...rning_time<--[HERE]
	at ig.a(SourceFile:80) ~[server-1.21.jar:?]
	at alf.a(SourceFile:89) ~[server-1.21.jar:?]
	at java.base/java.util.concurrent.CompletableFuture$AsyncSupply.run(CompletableFuture.java:1768) ~[?:?]
	... 6 more
[17:56:57] [ServerMain/ERROR]: Failed to load function trainingmode:timer/disable
java.util.concurrent.CompletionException: java.lang.IllegalArgumentException: Whilst parsing command on line 14: Unknown item component 'minecraft:consumable' at position 404: ...:false}]',<--[HERE]
	at java.base/java.util.concurrent.CompletableFuture.encodeThrowable(CompletableFuture.java:315) ~[?:?]
	at java.base/java.util.concurrent.CompletableFuture.completeThrowable(CompletableFuture.java:320) ~[?:?]
	at java.base/java.util.concurrent.CompletableFuture$AsyncSupply.run(CompletableFuture.java:1770) ~[?:?]
	at java.base/java.util.concurrent.CompletableFuture$AsyncSupply.exec(CompletableFuture.java:1760) ~[?:?]
	at java.base/java.util.concurrent.ForkJoinTask.doExec(ForkJoinTask.java:387) ~[?:?]
	at java.base/java.util.concurrent.ForkJoinPool$WorkQueue.topLevelExec(ForkJoinPool.java:1312) ~[?:?]
	at java.base/java.util.concurrent.ForkJoinPool.scan(ForkJoinPool.java:1843) ~[?:?]
	at java.base/java.util.concurrent.ForkJoinPool.runWorker(ForkJoinPool.java:1808) ~[?:?]
	at java.base/java.util.concurrent.ForkJoinWorkerThread.run(ForkJoinWorkerThread.java:188) ~[?:?]
Caused by: java.lang.IllegalArgumentException: Whilst parsing command on line 14: Unknown item component 'minecraft:consumable' at position 404: ...:false}]',<--[HERE]
	at ig.a(SourceFile:80) ~[server-1.21.jar:?]
	at alf.a(SourceFile:89) ~[server-1.21.jar:?]
	at java.base/java.util.concurrent.CompletableFuture$AsyncSupply.run(CompletableFuture.java:1768) ~[?:?]
	... 6 more
[17:56:57] [ServerMain/ERROR]: Failed to load function trainingmode:timer/enable
java.util.concurrent.CompletionException: java.lang.IllegalArgumentException: Whilst parsing command on line 17: Unknown item component 'minecraft:consumable' at position 402: ...:false}]',<--[HERE]
	at java.base/java.util.concurrent.CompletableFuture.encodeThrowable(CompletableFuture.java:315) ~[?:?]
	at java.base/java.util.concurrent.CompletableFuture.completeThrowable(CompletableFuture.java:320) ~[?:?]
	at java.base/java.util.concurrent.CompletableFuture$AsyncSupply.run(CompletableFuture.java:1770) ~[?:?]
	at java.base/java.util.concurrent.CompletableFuture$AsyncSupply.exec(CompletableFuture.java:1760) ~[?:?]
	at java.base/java.util.concurrent.ForkJoinTask.doExec(ForkJoinTask.java:387) ~[?:?]
	at java.base/java.util.concurrent.ForkJoinPool$WorkQueue.topLevelExec(ForkJoinPool.java:1312) ~[?:?]
	at java.base/java.util.concurrent.ForkJoinPool.scan(ForkJoinPool.java:1843) ~[?:?]
	at java.base/java.util.concurrent.ForkJoinPool.runWorker(ForkJoinPool.java:1808) ~[?:?]
	at java.base/java.util.concurrent.ForkJoinWorkerThread.run(ForkJoinWorkerThread.java:188) ~[?:?]
Caused by: java.lang.IllegalArgumentException: Whilst parsing command on line 17: Unknown item component 'minecraft:consumable' at position 402: ...:false}]',<--[HERE]
	at ig.a(SourceFile:80) ~[server-1.21.jar:?]
	at alf.a(SourceFile:89) ~[server-1.21.jar:?]
	at java.base/java.util.concurrent.CompletableFuture$AsyncSupply.run(CompletableFuture.java:1768) ~[?:?]
	... 6 more
[17:56:57] [ServerMain/ERROR]: Failed to load function trainingmode:check_items
java.util.concurrent.CompletionException: java.lang.IllegalArgumentException: Whilst parsing command on line 1: Unknown item component 'minecraft:consumable' at position 597: ...:false}]',<--[HERE]
	at java.base/java.util.concurrent.CompletableFuture.encodeThrowable(CompletableFuture.java:315) ~[?:?]
	at java.base/java.util.concurrent.CompletableFuture.completeThrowable(CompletableFuture.java:320) ~[?:?]
	at java.base/java.util.concurrent.CompletableFuture$AsyncSupply.run(CompletableFuture.java:1770) ~[?:?]
	at java.base/java.util.concurrent.CompletableFuture$AsyncSupply.exec(CompletableFuture.java:1760) ~[?:?]
	at java.base/java.util.concurrent.ForkJoinTask.doExec(ForkJoinTask.java:387) ~[?:?]
	at java.base/java.util.concurrent.ForkJoinPool$WorkQueue.topLevelExec(ForkJoinPool.java:1312) ~[?:?]
	at java.base/java.util.concurrent.ForkJoinPool.scan(ForkJoinPool.java:1843) ~[?:?]
	at java.base/java.util.concurrent.ForkJoinPool.runWorker(ForkJoinPool.java:1808) ~[?:?]
	at java.base/java.util.concurrent.ForkJoinWorkerThread.run(ForkJoinWorkerThread.java:188) ~[?:?]
Caused by: java.lang.IllegalArgumentException: Whilst parsing command on line 1: Unknown item component 'minecraft:consumable' at position 597: ...:false}]',<--[HERE]
	at ig.a(SourceFile:80) ~[server-1.21.jar:?]
	at alf.a(SourceFile:89) ~[server-1.21.jar:?]
	at java.base/java.util.concurrent.CompletableFuture$AsyncSupply.run(CompletableFuture.java:1768) ~[?:?]
	... 6 more
[17:56:57] [ServerMain/INFO]: Loaded 171 advancements
[17:56:59] [Server thread/INFO]: Starting minecraft server version 1.21
[17:56:59] [Server thread/INFO]: Loading properties
[17:56:59] [Server thread/INFO]: Default game type: SURVIVAL
[17:56:59] [Server thread/INFO]: Generating keypair
[17:56:59] [Server thread/INFO]: Starting Minecraft server on *:25565
[17:56:59] [Server thread/INFO]: Using epoll channel type
[17:56:59] [Server thread/WARN]: **** SERVER IS RUNNING IN OFFLINE/INSECURE MODE!
[17:56:59] [Server thread/WARN]: The server will make no attempt to authenticate usernames. Beware.
[17:56:59] [Server thread/WARN]: While this makes the game possible to play without internet access, it also opens up the ability for hackers to connect with any username they choose.
[17:56:59] [Server thread/WARN]: To change this, set "online-mode" to "true" in the server.properties file.
[17:56:59] [Server thread/INFO]: Preparing level "world"
[17:57:00] [Server thread/INFO]: Preparing start region for dimension minecraft:overworld
[17:57:00] [Worker-Main-1/INFO]: Preparing spawn area: 0%
[17:57:00] [Worker-Main-1/INFO]: Preparing spawn area: 0%
[17:57:01] [Worker-Main-1/INFO]: Preparing spawn area: 34%
[17:57:01] [Server thread/INFO]: Time elapsed: 1236 ms
[17:57:01] [Server thread/INFO]: Done (1.684s)! For help, type "help"
[17:57:39] [Server thread/INFO]: Naannoo[/100.86.117.58:49993] logged in with entity id 69 at (-6.43065938993019, 53.0, 136.15813207166292)
[17:57:39] [Server thread/INFO]: Naannoo joined the game
[17:58:14] [Server thread/INFO]: Cafssterr[/100.90.213.34:50244] logged in with entity id 221 at (-8.845086540508312, 52.0, 133.5584489702227)
[17:58:14] [Server thread/INFO]: Cafssterr joined the game
[17:59:23] [Server thread/INFO]: Naannoo was killed
[18:00:33] [Server thread/INFO]: Naannoo was killed
[18:00:41] [Server thread/INFO]: Naannoo was killed
[18:02:06] [Server thread/INFO]: Naannoo was killed while fighting Cafssterr
[18:03:24] [Server thread/INFO]: Cafssterr tried to swim in lava to escape Naannoo
[18:07:57] [Server thread/INFO]: Cafssterr drowned while trying to escape Naannoo
[18:08:00] [Server thread/INFO]: Naannoo was killed
[18:08:04] [Server thread/WARN]: Naannoo moved wrongly!
[18:08:10] [Server thread/INFO]: Cafssterr fell from a high place
[18:08:10] [Server thread/WARN]: Naannoo moved wrongly!
[18:08:21] [Server thread/WARN]: Naannoo moved wrongly!
[18:08:24] [Server thread/INFO]: Naannoo was killed while fighting Cafssterr
[18:09:43] [Server thread/INFO]: Cafssterr tried to swim in lava
[18:10:18] [Server thread/WARN]: Cafssterr moved wrongly!
[18:13:14] [Server thread/INFO]: Naannoo was killed
[18:15:49] [Server thread/INFO]: Cafssterr tried to swim in lava
